0 info it worked if it ends with ok
1 verbose cli [ '/Users/pats/.nvm/versions/node/v6.2.1/bin/node',
1 verbose cli   '/Users/pats/.nvm/versions/node/v6.2.1/bin/npm',
1 verbose cli   'run',
1 verbose cli   'sync' ]
2 info using npm@3.9.3
3 info using node@v6.2.1
4 verbose run-script [ 'presync', 'sync', 'postsync' ]
5 info lifecycle acme_assignments_angular@1.0.0~presync: acme_assignments_angular@1.0.0
6 silly lifecycle acme_assignments_angular@1.0.0~presync: no script for presync, continuing
7 info lifecycle acme_assignments_angular@1.0.0~sync: acme_assignments_angular@1.0.0
8 verbose lifecycle acme_assignments_angular@1.0.0~sync: unsafe-perm in lifecycle true
9 verbose lifecycle acme_assignments_angular@1.0.0~sync: PATH: /Users/pats/.nvm/versions/node/v6.2.1/lib/node_modules/npm/bin/node-gyp-bin:/Users/pats/FullStack/workshops/acme_assignments_angular/node_modules/.bin:/Users/pats/.nvm/versions/node/v6.2.1/bin:/Applications/Postgres.app/Contents/Versions/latest/bin:/Library/Frameworks/Python.framework/Versions/2.7/bin:/Library/Frameworks/Python.framework/Versions/Current/bin:/Library/Frameworks/Python.framework/Versions/2.7/bin:/Library/Frameworks/Python.framework/Versions/2.7/bin:/Users/pats/.nvm/versions/node/v6.2.1/bin:/usr/bin:/bin:/usr/sbin:/sbin:/usr/local/bin:/usr/local/git/bin:/usr/local/MacGPG2/bin
10 verbose lifecycle acme_assignments_angular@1.0.0~sync: CWD: /Users/pats/FullStack/workshops/acme_assignments_angular
11 silly lifecycle acme_assignments_angular@1.0.0~sync: Args: [ '-c',
11 silly lifecycle   'SYNC=true DATABASE_URL=postgres://localhost/acme_assignments_angular node server.js' ]
12 silly lifecycle acme_assignments_angular@1.0.0~sync: Returned: code: 1  signal: null
13 info lifecycle acme_assignments_angular@1.0.0~sync: Failed to exec sync script
14 verbose stack Error: acme_assignments_angular@1.0.0 sync: `SYNC=true DATABASE_URL=postgres://localhost/acme_assignments_angular node server.js`
14 verbose stack Exit status 1
14 verbose stack     at EventEmitter.<anonymous> (/Users/pats/.nvm/versions/node/v6.2.1/lib/node_modules/npm/lib/utils/lifecycle.js:245:16)
14 verbose stack     at emitTwo (events.js:106:13)
14 verbose stack     at EventEmitter.emit (events.js:191:7)
14 verbose stack     at ChildProcess.<anonymous> (/Users/pats/.nvm/versions/node/v6.2.1/lib/node_modules/npm/lib/utils/spawn.js:24:14)
14 verbose stack     at emitTwo (events.js:106:13)
14 verbose stack     at ChildProcess.emit (events.js:191:7)
14 verbose stack     at maybeClose (internal/child_process.js:852:16)
14 verbose stack     at Process.ChildProcess._handle.onexit (internal/child_process.js:215:5)
15 verbose pkgid acme_assignments_angular@1.0.0
16 verbose cwd /Users/pats/FullStack/workshops/acme_assignments_angular
17 error Darwin 15.4.0
18 error argv "/Users/pats/.nvm/versions/node/v6.2.1/bin/node" "/Users/pats/.nvm/versions/node/v6.2.1/bin/npm" "run" "sync"
19 error node v6.2.1
20 error npm  v3.9.3
21 error code ELIFECYCLE
22 error acme_assignments_angular@1.0.0 sync: `SYNC=true DATABASE_URL=postgres://localhost/acme_assignments_angular node server.js`
22 error Exit status 1
23 error Failed at the acme_assignments_angular@1.0.0 sync script 'SYNC=true DATABASE_URL=postgres://localhost/acme_assignments_angular node server.js'.
23 error Make sure you have the latest version of node.js and npm installed.
23 error If you do, this is most likely a problem with the acme_assignments_angular package,
23 error not with npm itself.
23 error Tell the author that this fails on your system:
23 error     SYNC=true DATABASE_URL=postgres://localhost/acme_assignments_angular node server.js
23 error You can get information on how to open an issue for this project with:
23 error     npm bugs acme_assignments_angular
23 error Or if that isn't available, you can get their info via:
23 error     npm owner ls acme_assignments_angular
23 error There is likely additional logging output above.
24 verbose exit [ 1, true ]
